\BOOKMARK [1][]{section.1}{Introduction}{}% 1
\BOOKMARK [2][]{subsection.1.1}{Background}{section.1}% 2
\BOOKMARK [2][]{subsection.1.2}{Restatement of the Problem}{section.1}% 3
\BOOKMARK [2][]{subsection.1.3}{Our Work}{section.1}% 4
\BOOKMARK [1][]{section.2}{Assumptions}{}% 5
\BOOKMARK [1][]{section.3}{Notations}{}% 6
\BOOKMARK [1][]{section.4}{Model}{}% 7
\BOOKMARK [2][]{subsection.4.1}{Time Cost and Construction Cost}{section.4}% 8
\BOOKMARK [3][]{subsubsection.4.1.1}{Model establishing}{subsection.4.1}% 9
\BOOKMARK [2][]{subsection.4.2}{CA Model}{section.4}% 10
\BOOKMARK [3][]{subsubsection.4.2.1}{Introduction}{subsection.4.2}% 11
\BOOKMARK [3][]{subsubsection.4.2.2}{Assumptions}{subsection.4.2}% 12
\BOOKMARK [3][]{subsubsection.4.2.3}{Model Establishing}{subsection.4.2}% 13
\BOOKMARK [3][]{subsubsection.4.2.4}{Simulation and discussion}{subsection.4.2}% 14
\BOOKMARK [1][]{section.5}{Size}{}% 15
\BOOKMARK [1][]{section.6}{Shape}{}% 16
\BOOKMARK [2][]{subsection.6.1}{Series Type}{section.6}% 17
\BOOKMARK [2][]{subsection.6.2}{Parallel Type}{section.6}% 18
\BOOKMARK [2][]{subsection.6.3}{An example}{section.6}% 19
\BOOKMARK [1][]{section.7}{Merging Pattern}{}% 20
\BOOKMARK [1][]{section.8}{Conclusion}{}% 21
\BOOKMARK [1][]{section.9}{Sensitivity Analysis}{}% 22
\BOOKMARK [2][]{subsection.9.1}{The Performance of Our Solution in Light and Heavy Traffic}{section.9}% 23
\BOOKMARK [2][]{subsection.9.2}{Autonomous Vehicles}{section.9}% 24
\BOOKMARK [2][]{subsection.9.3}{The Proportions of Different Tollbooths}{section.9}% 25
\BOOKMARK [1][]{section.10}{Strengths and Weaknesses}{}% 26
\BOOKMARK [2][]{subsection.10.1}{Strengths}{section.10}% 27
\BOOKMARK [2][]{subsection.10.2}{Weaknesses}{section.10}% 28
\BOOKMARK [1][]{section*.2}{Appendices}{}% 29
\BOOKMARK [1][]{Appendix.a.A}{Appendix First appendix}{}% 30
\BOOKMARK [1][]{Appendix.a.B}{Appendix Second appendix}{}% 31
